<?xml version="1.0" encoding="UTF-8"?>
<!-- Generated by org.testng.reporters.JUnitXMLReporter -->
<testsuite hostname="SQLBILAB" ignored="0" name="Default test" tests="2" failures="0" timestamp="2020-08-31T22:29:58 CDT" time="5.939" errors="0">
  <testcase name="StartFirst" time="5.772" classname="test.ValidatethemonthdropddownTest$AddCategoryTest"/>
  <testcase name="validateThedropDownMonthList" time="0.077" classname="test.ValidatethemonthdropddownTest$AddCategoryTest"/>
</testsuite> <!-- Default test -->
