<?xml version="1.0" encoding="UTF-8"?>
<testng-results skipped="0" failed="0" ignored="0" total="2" passed="2">
  <reporter-output>
  </reporter-output>
  <suite name="Default suite" duration-ms="5939" started-at="2020-08-31T22:29:53 CDT" finished-at="2020-08-31T22:29:58 CDT">
    <groups>
    </groups>
    <test name="Default test" duration-ms="5939" started-at="2020-08-31T22:29:53 CDT" finished-at="2020-08-31T22:29:58 CDT">
      <class name="test.ValidatethemonthdropddownTest$AddCategoryTest">
        <test-method status="PASS" signature="StartFirst()[pri:0, instance:test.ValidatethemonthdropddownTest$AddCategoryTest@d44fc21]" name="StartFirst" duration-ms="5772" started-at="2020-08-31T22:29:53 CDT" finished-at="2020-08-31T22:29:58 CDT">
          <reporter-output>
          </reporter-output>
        </test-method> <!-- StartFirst -->
        <test-method status="PASS" signature="validateThedropDownMonthList()[pri:0, instance:test.ValidatethemonthdropddownTest$AddCategoryTest@d44fc21]" name="validateThedropDownMonthList" duration-ms="77" started-at="2020-08-31T22:29:58 CDT" finished-at="2020-08-31T22:29:58 CDT">
          <reporter-output>
          </reporter-output>
        </test-method> <!-- validateThedropDownMonthList -->
      </class> <!-- test.ValidatethemonthdropddownTest$AddCategoryTest -->
    </test> <!-- Default test -->
  </suite> <!-- Default suite -->
</testng-results>
